[debug] [2021-03-15T05:07:48.417Z] ----------------------------------------------------------------------
[debug] [2021-03-15T05:07:48.419Z] Command:       C:\Program Files\nodejs\node.exe C:\Users\xshin\AppData\Roaming\npm\node_modules\firebase-tools\lib\bin\firebase.js init
[debug] [2021-03-15T05:07:48.419Z] CLI Version:   9.5.0
[debug] [2021-03-15T05:07:48.419Z] Platform:      win32
[debug] [2021-03-15T05:07:48.419Z] Node Version:  v14.15.0
[debug] [2021-03-15T05:07:48.420Z] Time:          Mon Mar 15 2021 00:07:48 GMT-0500 (Central Daylight Time)
[debug] [2021-03-15T05:07:48.420Z] ----------------------------------------------------------------------
[debug] [2021-03-15T05:07:48.420Z] 
[debug] [2021-03-15T05:07:48.422Z] >>> [apiv2][query] GET https://firebase-public.firebaseio.com/cli.json [none]
[debug] [2021-03-15T05:07:48.442Z] > command requires scopes: ["email","openid","https://www.googleapis.com/auth/cloudplatformprojects.readonly","https://www.googleapis.com/auth/firebase","https://www.googleapis.com/auth/cloud-platform"]
[debug] [2021-03-15T05:07:48.443Z] > authorizing via signed-in user
[info] 
     ######## #### ########  ######## ########     ###     ######  ########
     ##        ##  ##     ## ##       ##     ##  ##   ##  ##       ##
     ######    ##  ########  ######   ########  #########  ######  ######
     ##        ##  ##    ##  ##       ##     ## ##     ##       ## ##
     ##       #### ##     ## ######## ########  ##     ##  ######  ########

You're about to initialize a Firebase project in this directory:

  C:\Users\xshin\workspace\vue\movie-vuer

[debug] [2021-03-15T05:07:48.648Z] <<< [apiv2][status] GET https://firebase-public.firebaseio.com/cli.json 200
[debug] [2021-03-15T05:07:48.648Z] <<< [apiv2][body] GET https://firebase-public.firebaseio.com/cli.json {"cloudBuildErrorAfter":1594252800000,"cloudBuildWarnAfter":1590019200000,"defaultNode10After":1594252800000,"minVersion":"3.0.5","node8DeploysDisabledAfter":1613390400000,"node8RuntimeDisabledAfter":1615809600000,"node8WarnAfter":1600128000000}
